0 info it worked if it ends with ok
1 verbose cli [
1 verbose cli   'D:\\Program Files\\nodejs\\node.exe',
1 verbose cli   'D:\\Program Files\\nodejs\\node_modules\\npm\\bin\\npm-cli.js',
1 verbose cli   'run',
1 verbose cli   'lint'
1 verbose cli ]
2 info using npm@6.11.3
3 info using node@v12.11.1
4 verbose run-script [ 'prelint', 'lint', 'postlint' ]
5 info lifecycle kg-blog@1.0.1~prelint: kg-blog@1.0.1
6 info lifecycle kg-blog@1.0.1~lint: kg-blog@1.0.1
7 verbose lifecycle kg-blog@1.0.1~lint: unsafe-perm in lifecycle true
8 verbose lifecycle kg-blog@1.0.1~lint: PATH: D:\Program Files\nodejs\node_modules\npm\node_modules\npm-lifecycle\node-gyp-bin;D:\dev\kg-site\node_modules\.bin;D:\dev\kg-site\node_modules\.bin;D:\dev\node_modules\.bin;D:\node_modules\.bin;D:\Program Files\nodejs;D:\Program Files\Git\mingw64\libexec\git-core;D:\Program Files\Git\mingw64\bin;D:\Program Files\Git\usr\bin;C:\Users\ghosthcp516\bin;D:\dev\kg-site\node_modules\.bin;D:\Program Files (x86)\NetSarang\Xshell 6;D:\Program Files (x86)\NetSarang\Xftp 6;C:\ProgramData\DockerDesktop\version-bin;C:\Program Files\Docker\Docker\Resources\bin;C:\Program Files (x86)\Intel\Intel(R) Management Engine Components\iCLS;C:\Program Files\Intel\Intel(R) Management Engine Components\iCLS;C:\Windows\system32;C:\Windows;C:\Windows\System32\Wbem;C:\Windows\System32\WindowsPowerShell\v1.0;C:\Windows\System32\OpenSSH;C:\Program Files (x86)\NVIDIA Corporation\PhysX\Common;C:\Program Files (x86)\Intel\Intel(R) Management Engine Components\DAL;C:\Program Files\Intel\Intel(R) Management Engine Components\DAL;C:\Program Files (x86)\Intel\Intel(R) Management Engine Components\IPT;C:\Program Files\Intel\Intel(R) Management Engine Components\IPT;C:\Program Files\Intel\WiFi\bin;C:\Program Files\Common Files\Intel\WirelessCommon;D:\Program Files\Git\cmd;D:\Go\bin;C:\Program Files\dotnet;D:\Program Files\Microsoft VS Code\bin;C:\Program Files\Common Files\Autodesk Shared;C:\Program Files (x86)\Autodesk\Backburner;C:\WINDOWS\system32;C:\WINDOWS;C:\WINDOWS\System32\Wbem;C:\WINDOWS\System32\WindowsPowerShell\v1.0;C:\WINDOWS\System32\OpenSSH;D:\Program Files\nodejs;D:\python\Scripts;D:\python;C:\Users\ghosthcp516\.cargo\bin;C:\Users\ghosthcp516\AppData\Local\Microsoft\WindowsApps;D:\Program Files\Microsoft VS Code\bin;D:\Program Files\ss;D:\Program Files (x86)\Egret\Egret Wing 3\bin;C:\Users\ghosthcp516\go\bin;C:\Users\ghosthcp516\.dotnet\tools;D:\Python27;D:\jdk\bin;C:\Users\ghosthcp516\AppData\Local\Microsoft\WindowsApps;C:\Users\ghosthcp516\AppData\Roaming\npm;D:\Program Files\ss\ss_win_temp;D:\MinGW\bin;D:\Program Files\Vim\vim82;C:\Users\ghosthcp516\.deno\bin
9 verbose lifecycle kg-blog@1.0.1~lint: CWD: D:\dev\kg-site
10 silly lifecycle kg-blog@1.0.1~lint: Args: [ '/d /s /c', 'eslint .' ]
11 silly lifecycle kg-blog@1.0.1~lint: Returned: code: 1  signal: null
12 info lifecycle kg-blog@1.0.1~lint: Failed to exec lint script
13 verbose stack Error: kg-blog@1.0.1 lint: `eslint .`
13 verbose stack Exit status 1
13 verbose stack     at EventEmitter.<anonymous> (D:\Program Files\nodejs\node_modules\npm\node_modules\npm-lifecycle\index.js:332:16)
13 verbose stack     at EventEmitter.emit (events.js:210:5)
13 verbose stack     at ChildProcess.<anonymous> (D:\Program Files\nodejs\node_modules\npm\node_modules\npm-lifecycle\lib\spawn.js:55:14)
13 verbose stack     at ChildProcess.emit (events.js:210:5)
13 verbose stack     at maybeClose (internal/child_process.js:1021:16)
13 verbose stack     at Process.ChildProcess._handle.onexit (internal/child_process.js:283:5)
14 verbose pkgid kg-blog@1.0.1
15 verbose cwd D:\dev\kg-site
16 verbose Windows_NT 10.0.18362
17 verbose argv "D:\\Program Files\\nodejs\\node.exe" "D:\\Program Files\\nodejs\\node_modules\\npm\\bin\\npm-cli.js" "run" "lint"
18 verbose node v12.11.1
19 verbose npm  v6.11.3
20 error code ELIFECYCLE
21 error errno 1
22 error kg-blog@1.0.1 lint: `eslint .`
22 error Exit status 1
23 error Failed at the kg-blog@1.0.1 lint script.
23 error This is probably not a problem with npm. There is likely additional logging output above.
24 verbose exit [ 1, true ]
